{
  "stats": {
    "suites": 1,
    "tests": 1,
    "passes": 0,
    "pending": 0,
    "failures": 1,
    "start": "2025-04-23T00:08:10.418Z",
    "end": "2025-04-23T00:08:10.782Z",
    "duration": 364,
    "testsRegistered": 1,
    "passPercent": 0,
    "pendingPercent": 0,
    "other": 0,
    "hasOther": false,
    "skipped": 0,
    "hasSkipped": false
  },
  "results": [
    {
      "uuid": "19c83ffa-9780-44ea-98e0-80fae9e42ca0",
      "title": "",
      "fullFile": "cypress\\e2e\\produtos.cy.js",
      "file": "cypress\\e2e\\produtos.cy.js",
      "beforeHooks": [],
      "afterHooks": [],
      "tests": [],
      "suites": [
        {
          "uuid": "7ef81e05-e6c8-45ae-ac8c-0622be27513f",
          "title": "Teste da funcionalidade produto",
          "fullFile": "",
          "file": "",
          "beforeHooks": [],
          "afterHooks": [],
          "tests": [
            {
              "title": "Validar contrato de produtos",
              "fullTitle": "Teste da funcionalidade produto Validar contrato de produtos",
              "timedOut": null,
              "duration": 341,
              "state": "failed",
              "speed": null,
              "pass": false,
              "fail": true,
              "pending": false,
              "context": null,
              "code": "cy.request('/produtos').then(response => {\n  return _produtos.default.validateAsync(response.body);\n}).then(response => {\n  expect(response.code).to.equal(200);\n});",
              "err": {
                "message": "AssertionError: expected undefined to equal 200",
                "estack": "AssertionError: expected undefined to equal 200\n    at Context.eval (webpack://teste-api-cypress/./cypress/e2e/produtos.cy.js:16:37)\n    at getRet (http://localhost:3000/__cypress/runner/cypress_runner.js:119371:20)\n    at tryCatcher (http://localhost:3000/__cypress/runner/cypress_runner.js:1777:23)\n    at Promise.attempt.Promise.try (http://localhost:3000/__cypress/runner/cypress_runner.js:4285:29)\n    at Context.thenFn (http://localhost:3000/__cypress/runner/cypress_runner.js:119382:66)\n    at Context.then (http://localhost:3000/__cypress/runner/cypress_runner.js:119633:21)",
                "diff": null
              },
              "uuid": "e2ecc194-0de9-41df-be08-d2ed284de0ac",
              "parentUUID": "7ef81e05-e6c8-45ae-ac8c-0622be27513f",
              "isHook": false,
              "skipped": false
            }
          ],
          "suites": [],
          "passes": [],
          "failures": [
            "e2ecc194-0de9-41df-be08-d2ed284de0ac"
          ],
          "pending": [],
          "skipped": [],
          "duration": 341,
          "root": false,
          "rootEmpty": false,
          "_timeout": 2000
        }
      ],
      "passes": [],
      "failures": [],
      "pending": [],
      "skipped": [],
      "duration": 0,
      "root": true,
      "rootEmpty": true,
      "_timeout": 2000
    }
  ],
  "meta": {
    "mocha": {
      "version": "7.0.1"
    },
    "mochawesome": {
      "options": {
        "quiet": false,
        "reportFilename": "mochawesome",
        "saveHtml": false,
        "saveJson": true,
        "consoleReporter": "spec",
        "useInlineDiffs": false,
        "code": true
      },
      "version": "7.1.3"
    },
    "marge": {
      "options": {
        "reportDir": "mochawesome-report",
        "overwrite": "false",
        "html": "false",
        "json": "true"
      },
      "version": "6.2.0"
    }
  }
}